[TestNG-test=CalCAdd-1] INFO  onlineCalculater  - Url is opened
[TestNG-test=CalCAdd-1] INFO  onlineCalculater  - Entered number 423
[TestNG-test=CalCAdd-1] INFO  onlineCalculater  - clicked multiply
[TestNG-test=CalCAdd-1] INFO  onlineCalculater  - Entered number 525
[TestNG-test=CalCAdd-1] INFO  onlineCalculater  - Url is opened
[TestNG-test=CalCAdd-1] INFO  onlineCalculater  - Entered number 423
[TestNG-test=CalCAdd-1] INFO  onlineCalculater  - clicked multiply
[TestNG-test=CalCAdd-1] INFO  onlineCalculater  - Entered number 525
[TestNG-test=CalCAdd-1] INFO  onlineCalculater  - Url is opened
[TestNG-test=CalCAdd-1] INFO  onlineCalculater  - Entered number -234234
[TestNG-test=CalCAdd-1] INFO  onlineCalculater  - clicked Add symbol
[TestNG-test=CalCAdd-1] INFO  onlineCalculater  - Entered number 345345
[TestNG-test=CalCAdd-1] INFO  onlineCalculater  - Url is opened
[TestNG-test=CalCAdd-1] INFO  onlineCalculater  - Entered number -234234
[TestNG-test=CalCAdd-1] INFO  onlineCalculater  - clicked Add symbol
[TestNG-test=CalCAdd-1] INFO  onlineCalculater  - Entered number 345345
[TestNG-test=CalCAdd-1] INFO  onlineCalculater  - Url is opened
[TestNG-test=CalCAdd-1] INFO  onlineCalculater  - Entered number -234234
[TestNG-test=CalCAdd-1] INFO  onlineCalculater  - clicked Add symbol
[TestNG-test=CalCAdd-1] INFO  onlineCalculater  - Entered number 345345
[TestNG-test=CalCAdd-1] INFO  onlineCalculater  -  TC_Cal_Add success
[TestNG-test=CalCAdd-1] INFO  onlineCalculater  - Url is opened
[TestNG-test=CalCAdd-1] INFO  onlineCalculater  - Entered number -234234
[TestNG-test=CalCAdd-1] INFO  onlineCalculater  - clicked Add symbol
[TestNG-test=CalCAdd-1] INFO  onlineCalculater  - Entered number 345345
[TestNG-test=CalCAdd-1] INFO  onlineCalculater  - Url is opened
[TestNG-test=CalCAdd-1] INFO  onlineCalculater  - Entered number -234234
[TestNG-test=CalCAdd-1] INFO  onlineCalculater  - clicked Add symbol
[TestNG-test=CalCAdd-1] INFO  onlineCalculater  - Entered number 345345
[TestNG-test=CalCAdd-1] INFO  onlineCalculater  - Url is opened
[TestNG-test=CalCAdd-1] INFO  onlineCalculater  - Entered number -234234
[TestNG-test=CalCAdd-1] INFO  onlineCalculater  - clicked Add symbol
[TestNG-test=CalCAdd-1] INFO  onlineCalculater  - Entered number 345345
[TestNG-test=CalCAdd-1] INFO  onlineCalculater  - Url is opened
[TestNG-test=CalCAdd-1] INFO  onlineCalculater  - Entered number -234234
[TestNG-test=CalCAdd-1] INFO  onlineCalculater  - clicked Add symbol
[TestNG-test=CalCAdd-1] INFO  onlineCalculater  - Entered number 345345
[TestNG-test=CalCAdd-1] INFO  onlineCalculater  - Url is opened
[TestNG-test=CalCAdd-1] INFO  onlineCalculater  - Entered number -234234
[TestNG-test=CalCAdd-1] INFO  onlineCalculater  - clicked Add symbol
[TestNG-test=CalCAdd-1] INFO  onlineCalculater  - Entered number 345345
[TestNG-test=CalCAdd-1] INFO  onlineCalculater  - Url is opened
[TestNG-test=CalCAdd-1] INFO  onlineCalculater  - Entered number -234234
[TestNG-test=CalCAdd-1] INFO  onlineCalculater  - clicked Add symbol
[TestNG-test=CalCAdd-1] INFO  onlineCalculater  - Entered number 345345
[TestNG-test=CalCAdd-1] INFO  onlineCalculater  - Url is opened
[TestNG-test=CalCAdd-1] INFO  onlineCalculater  - Entered number -234234
[TestNG-test=CalCAdd-1] INFO  onlineCalculater  - clicked Add symbol
[TestNG-test=CalCAdd-1] INFO  onlineCalculater  - Entered number 345345
[TestNG-test=CalCSub-1] INFO  onlineCalculater  - Url is opened
[TestNG-test=CalCSub-1] INFO  onlineCalculater  - Entered number 234823
[TestNG-test=CalCSub-1] INFO  onlineCalculater  - clicked Sub symbol
[TestNG-test=CalCSub-1] INFO  onlineCalculater  - Entered number -23094823
[TestNG-test=CalCAdd-1] INFO  onlineCalculater  - Url is opened
[TestNG-test=CalCAdd-1] INFO  onlineCalculater  - Entered number -234234
[TestNG-test=CalCAdd-1] INFO  onlineCalculater  - clicked Add symbol
[TestNG-test=CalCAdd-1] INFO  onlineCalculater  - Entered number 345345
[TestNG-test=CalCSub-1] INFO  onlineCalculater  - Url is opened
[TestNG-test=CalCSub-1] INFO  onlineCalculater  - Entered number 234823
[TestNG-test=CalCSub-1] INFO  onlineCalculater  - clicked Sub symbol
[TestNG-test=CalCSub-1] INFO  onlineCalculater  - Entered number -23094823
[TestNG-test=CalCMulti-1] INFO  onlineCalculater  - Url is opened
[TestNG-test=CalCMulti-1] INFO  onlineCalculater  - Entered number 423
[TestNG-test=CalCMulti-1] INFO  onlineCalculater  - clicked Multi symbol
[TestNG-test=CalCMulti-1] INFO  onlineCalculater  - Entered number 525
[TestNG-test=CalCDiv-1] INFO  onlineCalculater  - Url is opened
[TestNG-test=CalCDiv-1] INFO  onlineCalculater  - Entered number 4000
[TestNG-test=CalCDiv-1] INFO  onlineCalculater  - clicked Div symbol
[TestNG-test=CalCDiv-1] INFO  onlineCalculater  - Entered number 200
[TestNG-test=CalCAdd-1] INFO  onlineCalculater  - Url is opened
[TestNG-test=CalCAdd-1] INFO  onlineCalculater  - Entered number -234234
[TestNG-test=CalCAdd-1] INFO  onlineCalculater  - clicked Add symbol
[TestNG-test=CalCAdd-1] INFO  onlineCalculater  - Entered number 345345
[TestNG-test=CalCSub-1] INFO  onlineCalculater  - Url is opened
[TestNG-test=CalCSub-1] INFO  onlineCalculater  - Entered number 234823
[TestNG-test=CalCSub-1] INFO  onlineCalculater  - clicked Sub symbol
[TestNG-test=CalCSub-1] INFO  onlineCalculater  - Entered number -23094823
[TestNG-test=CalCMulti-1] INFO  onlineCalculater  - Url is opened
[TestNG-test=CalCMulti-1] INFO  onlineCalculater  - Entered number 423
[TestNG-test=CalCMulti-1] INFO  onlineCalculater  - clicked Multi symbol
[TestNG-test=CalCMulti-1] INFO  onlineCalculater  - Entered number 525
[TestNG-test=CalCDiv-1] INFO  onlineCalculater  - Url is opened
[TestNG-test=CalCDiv-1] INFO  onlineCalculater  - Entered number 4000
[TestNG-test=CalCDiv-1] INFO  onlineCalculater  - clicked Div symbol
[TestNG-test=CalCDiv-1] INFO  onlineCalculater  - Entered number 200
